19512861_MaiVanTruong_LTDD_Tuan2/app/build/intermediates/manifest_merge_blame_file/debug/manifest-merger-blame-debug-report.txt
1<?xml version="1.0" encoding="utf-8"?>
2<manifest xmlns:android="http://schemas.android.com/apk/res/android"
3    package="com.example.a19512861_maivantruon_ltdd_tuan2"
4    android:versionCode="1"
5    android:versionName="1.0" >
6
7    <uses-sdk
8        android:minSdkVersion="23"
8-->src\main\AndroidManifest.xml
9        android:targetSdkVersion="30" />
9-->src\main\AndroidManifest.xml
10
11    <application
11-->src\main\AndroidManifest.xml:5:5-24:19
12        android:allowBackup="true"
12-->src\main\AndroidManifest.xml:6:9-35
13        android:appComponentFactory="androidx.core.app.CoreComponentFactory"
13-->[androidx.core:core:1.3.1] AndroidManifest.xml:24:18-86
14        android:debuggable="true"
15        android:extractNativeLibs="false"
16        android:icon="@mipmap/ic_launcher"
16-->src\main\AndroidManifest.xml:7:9-43
17        android:label="@string/app_name"
17-->src\main\AndroidManifest.xml:8:9-41
18        android:roundIcon="@mipmap/ic_launcher_round"
18-->src\main\AndroidManifest.xml:9:9-54
19        android:supportsRtl="true"
19-->src\main\AndroidManifest.xml:10:9-35
20        android:testOnly="true"
21        android:theme="@style/Theme.19512861_MaiVanTruon_LTDD_Tuan2" >
21-->src\main\AndroidManifest.xml:11:9-69
22        <activity android:name="com.example.a19512861_maivantruong_ltdd_tuan2.Bai5" />
22-->src\main\AndroidManifest.xml:12:9-51
22-->src\main\AndroidManifest.xml:12:19-39
23        <activity android:name="com.example.a19512861_maivantruong_ltdd_tuan2.Bai4" />
23-->src\main\AndroidManifest.xml:13:9-42
23-->src\main\AndroidManifest.xml:13:19-39
24        <activity android:name="com.example.a19512861_maivantruong_ltdd_tuan2.Bai3" />
24-->src\main\AndroidManifest.xml:14:9-42
24-->src\main\AndroidManifest.xml:14:19-39
25        <activity android:name="com.example.a19512861_maivantruong_ltdd_tuan2.Bai2" />
25-->src\main\AndroidManifest.xml:15:9-42
25-->src\main\AndroidManifest.xml:15:19-39
26        <activity android:name="com.example.a19512861_maivantruong_ltdd_tuan2.Bai1" />
26-->src\main\AndroidManifest.xml:16:9-42
26-->src\main\AndroidManifest.xml:16:19-39
27        <activity android:name="com.example.a19512861_maivantruong_ltdd_tuan2.MainActivity" >
27-->src\main\AndroidManifest.xml:17:9-23:20
27-->src\main\AndroidManifest.xml:17:19-47
28            <intent-filter>
28-->src\main\AndroidManifest.xml:18:13-22:29
29                <action android:name="android.intent.action.MAIN" />
29-->src\main\AndroidManifest.xml:19:17-69
29-->src\main\AndroidManifest.xml:19:25-66
30
31                <category android:name="android.intent.category.LAUNCHER" />
31-->src\main\AndroidManifest.xml:21:17-77
31-->src\main\AndroidManifest.xml:21:27-74
32            </intent-filter>
33        </activity>
34    </application>
35
36</manifest>